[2024-03-16 18:06:00] [INFO] Test message
[2024-03-16 18:06:01] [INFO] Test info message
[2024-03-16 18:06:01] [WARNING] Test warning message
[2024-03-16 18:06:01] [ERROR] Test error message
[2024-03-16 18:06:09] [INFO] Test message
[2024-03-16 18:06:09] [INFO] Test info message
[2024-03-16 18:06:09] [WARNING] Test warning message
[2024-03-16 18:06:09] [ERROR] Test error message
[2024-03-16 18:08:24] [INFO] Test message
[2024-03-16 18:08:24] [INFO] Test info message
[2024-03-16 18:08:24] [WARNING] Test warning message
[2024-03-16 18:08:24] [ERROR] Test error message
[2024-03-16 18:10:10] [WARNING] Test warning message
[2024-03-16 18:10:16] [ERROR] Test error message
[2024-03-16 18:10:27] [ERROR] Test error 
[2024-03-16 18:10:33] [ERROR] 
[2024-03-16 18:10:45] [ERROR] Test error messagee
[2024-03-16 18:10:54] [ERROR] Test error message
[2024-03-16 18:11:02] [INFO] Test message
[2024-03-16 18:11:02] [INFO] Test info message
[2024-03-16 18:11:02] [WARNING] Test warning message
[2024-03-16 18:11:02] [ERROR] Test error message
[2024-03-16 18:14:53] [INFO] Test message
[2024-03-16 18:14:53] [INFO] Test info message
[2024-03-16 18:14:53] [WARNING] Test warning message
[2024-03-16 18:14:53] [ERROR] Test error message
[2024-03-16 18:16:53] [INFO] Test message
[2024-03-16 18:16:53] [INFO] Test info message
[2024-03-16 18:16:53] [WARNING] Test warning message
[2024-03-16 18:16:53] [ERROR] Test error message
[2024-03-16 18:17:23] [INFO] Test message
[2024-03-16 18:17:23] [INFO] Test info message
[2024-03-16 18:17:23] [WARNING] Test warning message
[2024-03-16 18:17:23] [ERROR] Test error message
[2024-03-16 18:18:56] [INFO] Test message
[2024-03-16 18:18:57] [INFO] Test info message
[2024-03-16 18:18:57] [WARNING] Test warning message
[2024-03-16 18:18:57] [ERROR] Test error message
[2024-03-16 18:19:40] [INFO] Test message
[2024-03-16 18:19:41] [INFO] Test info message
[2024-03-16 18:19:41] [WARNING] Test warning message
[2024-03-16 18:19:41] [ERROR] Test error message
[2024-03-16 18:39:56] [INFO] Test message
[2024-03-16 18:39:56] [INFO] Test info message
[2024-03-16 18:39:56] [WARNING] Test warning message
[2024-03-16 18:39:56] [ERROR] Test error message
